<?xml version="1.0" encoding="UTF-8"?>
<testng-results ignored="0" total="1" passed="1" failed="0" skipped="0">
  <reporter-output>
  </reporter-output>
  <suite started-at="2025-06-17T02:10:33 COT" name="Surefire suite" finished-at="2025-06-17T02:10:35 COT" duration-ms="2379">
    <groups>
    </groups>
    <test started-at="2025-06-17T02:10:33 COT" name="Surefire test" finished-at="2025-06-17T02:10:35 COT" duration-ms="2379">
      <class name="com.globant.automation.test.GetUserTest">
        <test-method is-config="true" signature="setupEnvironment()[pri:0, instance:com.globant.automation.test.GetUserTest@429bd883]" started-at="2025-06-17T02:10:33 COT" name="setupEnvironment" finished-at="2025-06-17T02:10:33 COT" duration-ms="9" status="PASS">
          <reporter-output>
          </reporter-output>
        </test-method> <!-- setupEnvironment -->
        <test-method signature="userFoundAssertion()[pri:0, instance:com.globant.automation.test.GetUserTest@429bd883]" started-at="2025-06-17T02:10:33 COT" name="userFoundAssertion" finished-at="2025-06-17T02:10:35 COT" duration-ms="2355" status="PASS">
          <reporter-output>
          </reporter-output>
        </test-method> <!-- userFoundAssertion -->
      </class> <!-- com.globant.automation.test.GetUserTest -->
    </test> <!-- Surefire test -->
  </suite> <!-- Surefire suite -->
</testng-results>
